# JRE version: OpenJDK Runtime Environment (8.0_144-b01) (build 1.8.0_144-b01)
# Java VM: OpenJDK 64-Bit Server VM (25.144-b01 mixed mode linux-amd64 compressed oops)
Heap:
 PSYoungGen      total 475648K, used 0K [0x00000000d6d80000, 0x00000000ffc80000, 0x0000000100000000)
  eden space 276992K, 0% used [0x00000000d6d80000,0x00000000d6d80000,0x00000000e7c00000)
  from space 198656K, 0% used [0x00000000e7c00000,0x00000000e7c00000,0x00000000f3e00000)
  to   space 192000K, 0% used [0x00000000f4100000,0x00000000f4100000,0x00000000ffc80000)
 ParOldGen       total 852480K, used 614183K [0x0000000084800000, 0x00000000b8880000, 0x00000000d6d80000)
  object space 852480K, 72% used [0x0000000084800000,0x00000000a9fc9f68,0x00000000b8880000)
 Metaspace       used 46509K, capacity 47032K, committed 47488K, reserved 1091584K
  class space    used 5838K, capacity 6007K, committed 6016K, reserved 1048576K
GC Heap History (10 events):
Event: 55.649 GC heap after
Heap after GC invocations=59 (full 11):
 PSYoungGen      total 510464K, used 107648K [0x00000000d6d80000, 0x0000000100000000, 0x0000000100000000)
  eden space 355328K, 0% used [0x00000000d6d80000,0x00000000d6d80000,0x00000000ec880000)
  from space 155136K, 69% used [0x00000000ec880000,0x00000000f31a0020,0x00000000f6000000)
  to   space 159744K, 0% used [0x00000000f6400000,0x00000000f6400000,0x0000000100000000)
 ParOldGen       total 852480K, used 589351K [0x0000000084800000, 0x00000000b8880000, 0x00000000d6d80000)
  object space 852480K, 69% used [0x0000000084800000,0x00000000a8789d50,0x00000000b8880000)
 Metaspace       used 46509K, capacity 47032K, committed 47488K, reserved 1091584K
  class space    used 5838K, capacity 6007K, committed 6016K, reserved 1048576K
}
Event: 55.903 GC heap before
{Heap before GC invocations=60 (full 11):
 PSYoungGen      total 510464K, used 398984K [0x00000000d6d80000, 0x0000000100000000, 0x0000000100000000)
  eden space 355328K, 81% used [0x00000000d6d80000,0x00000000e8a01fe0,0x00000000ec880000)
  from space 155136K, 69% used [0x00000000ec880000,0x00000000f31a0020,0x00000000f6000000)
  to   space 159744K, 0% used [0x00000000f6400000,0x00000000f6400000,0x0000000100000000)
 ParOldGen       total 852480K, used 589351K [0x0000000084800000, 0x00000000b8880000, 0x00000000d6d80000)
  object space 852480K, 69% used [0x0000000084800000,0x00000000a8789d50,0x00000000b8880000)
 Metaspace       used 46509K, capacity 47032K, committed 47488K, reserved 1091584K
  class space    used 5838K, capacity 6007K, committed 6016K, reserved 1048576K
Event: 55.954 GC heap after
Heap after GC invocations=60 (full 11):
 PSYoungGen      total 481792K, used 142464K [0x00000000d6d80000, 0x0000000100000000, 0x0000000100000000)
  eden space 322048K, 0% used [0x00000000d6d80000,0x00000000d6d80000,0x00000000ea800000)
  from space 159744K, 89% used [0x00000000f6400000,0x00000000fef20020,0x0000000100000000)
  to   space 176128K, 0% used [0x00000000ea800000,0x00000000ea800000,0x00000000f5400000)
 ParOldGen       total 852480K, used 624167K [0x0000000084800000, 0x00000000b8880000, 0x00000000d6d80000)
  object space 852480K, 73% used [0x0000000084800000,0x00000000aa989d60,0x00000000b8880000)
 Metaspace       used 46509K, capacity 47032K, committed 47488K, reserved 1091584K
  class space    used 5838K, capacity 6007K, committed 6016K, reserved 1048576K
}
Event: 56.136 GC heap before
{Heap before GC invocations=61 (full 11):
 PSYoungGen      total 481792K, used 464512K [0x00000000d6d80000, 0x0000000100000000, 0x0000000100000000)
  eden space 322048K, 100% used [0x00000000d6d80000,0x00000000ea800000,0x00000000ea800000)
  from space 159744K, 89% used [0x00000000f6400000,0x00000000fef20020,0x0000000100000000)
  to   space 176128K, 0% used [0x00000000ea800000,0x00000000ea800000,0x00000000f5400000)
 ParOldGen       total 852480K, used 624167K [0x0000000084800000, 0x00000000b8880000, 0x00000000d6d80000)
  object space 852480K, 73% used [0x0000000084800000,0x00000000aa989d60,0x00000000b8880000)
 Metaspace       used 46509K, capacity 47032K, committed 47488K, reserved 1091584K
  class space    used 5838K, capacity 6007K, committed 6016K, reserved 1048576K
Event: 56.160 GC heap after
Heap after GC invocations=61 (full 11):
 PSYoungGen      total 464896K, used 142464K [0x00000000d6d80000, 0x0000000100000000, 0x0000000100000000)
  eden space 322048K, 0% used [0x00000000d6d80000,0x00000000d6d80000,0x00000000ea800000)
  from space 142848K, 99% used [0x00000000ea800000,0x00000000f3320010,0x00000000f3380000)
  to   space 188928K, 0% used [0x00000000f4780000,0x00000000f4780000,0x0000000100000000)
 ParOldGen       total 852480K, used 624167K [0x0000000084800000, 0x00000000b8880000, 0x00000000d6d80000)
  object space 852480K, 73% used [0x0000000084800000,0x00000000aa989d60,0x00000000b8880000)
 Metaspace       used 46509K, capacity 47032K, committed 47488K, reserved 1091584K
  class space    used 5838K, capacity 6007K, committed 6016K, reserved 1048576K
}
Event: 56.476 GC heap before
{Heap before GC invocations=62 (full 11):
 PSYoungGen      total 464896K, used 464512K [0x00000000d6d80000, 0x0000000100000000, 0x0000000100000000)
  eden space 322048K, 100% used [0x00000000d6d80000,0x00000000ea800000,0x00000000ea800000)
  from space 142848K, 99% used [0x00000000ea800000,0x00000000f3320010,0x00000000f3380000)
  to   space 188928K, 0% used [0x00000000f4780000,0x00000000f4780000,0x0000000100000000)
 ParOldGen       total 852480K, used 624167K [0x0000000084800000, 0x00000000b8880000, 0x00000000d6d80000)
  object space 852480K, 73% used [0x0000000084800000,0x00000000aa989d60,0x00000000b8880000)
 Metaspace       used 46509K, capacity 47032K, committed 47488K, reserved 1091584K
  class space    used 5838K, capacity 6007K, committed 6016K, reserved 1048576K
Event: 56.501 GC heap after
Heap after GC invocations=62 (full 11):
 PSYoungGen      total 465920K, used 142464K [0x00000000d6d80000, 0x0000000100000000, 0x0000000100000000)
  eden space 276992K, 0% used [0x00000000d6d80000,0x00000000d6d80000,0x00000000e7c00000)
  from space 188928K, 75% used [0x00000000f4780000,0x00000000fd2a0010,0x0000000100000000)
  to   space 198656K, 0% used [0x00000000e7c00000,0x00000000e7c00000,0x00000000f3e00000)
 ParOldGen       total 852480K, used 624167K [0x0000000084800000, 0x00000000b8880000, 0x00000000d6d80000)
  object space 852480K, 73% used [0x0000000084800000,0x00000000aa989d60,0x00000000b8880000)
 Metaspace       used 46509K, capacity 47032K, committed 47488K, reserved 1091584K
  class space    used 5838K, capacity 6007K, committed 6016K, reserved 1048576K
}
Event: 56.693 GC heap before
{Heap before GC invocations=63 (full 11):
 PSYoungGen      total 465920K, used 419456K [0x00000000d6d80000, 0x0000000100000000, 0x0000000100000000)
  eden space 276992K, 100% used [0x00000000d6d80000,0x00000000e7c00000,0x00000000e7c00000)
  from space 188928K, 75% used [0x00000000f4780000,0x00000000fd2a0010,0x0000000100000000)
  to   space 198656K, 0% used [0x00000000e7c00000,0x00000000e7c00000,0x00000000f3e00000)
 ParOldGen       total 852480K, used 624167K [0x0000000084800000, 0x00000000b8880000, 0x00000000d6d80000)
  object space 852480K, 73% used [0x0000000084800000,0x00000000aa989d60,0x00000000b8880000)
 Metaspace       used 46509K, capacity 47032K, committed 47488K, reserved 1091584K
  class space    used 5838K, capacity 6007K, committed 6016K, reserved 1048576K
Event: 56.731 GC heap after
Heap after GC invocations=63 (full 11):
 PSYoungGen      total 475648K, used 72864K [0x00000000d6d80000, 0x00000000ffc80000, 0x0000000100000000)
  eden space 276992K, 0% used [0x00000000d6d80000,0x00000000d6d80000,0x00000000e7c00000)
  from space 198656K, 36% used [0x00000000e7c00000,0x00000000ec328010,0x00000000f3e00000)
  to   space 192000K, 0% used [0x00000000f4100000,0x00000000f4100000,0x00000000ffc80000)
 ParOldGen       total 852480K, used 763431K [0x0000000084800000, 0x00000000b8880000, 0x00000000d6d80000)
  object space 852480K, 89% used [0x0000000084800000,0x00000000b3189d70,0x00000000b8880000)
 Metaspace       used 46509K, capacity 47032K, committed 47488K, reserved 1091584K
  class space    used 5838K, capacity 6007K, committed 6016K, reserved 1048576K
}
Event: 56.731 GC heap before
{Heap before GC invocations=64 (full 12):
 PSYoungGen      total 475648K, used 72864K [0x00000000d6d80000, 0x00000000ffc80000, 0x0000000100000000)
  eden space 276992K, 0% used [0x00000000d6d80000,0x00000000d6d80000,0x00000000e7c00000)
  from space 198656K, 36% used [0x00000000e7c00000,0x00000000ec328010,0x00000000f3e00000)
  to   space 192000K, 0% used [0x00000000f4100000,0x00000000f4100000,0x00000000ffc80000)
 ParOldGen       total 852480K, used 763431K [0x0000000084800000, 0x00000000b8880000, 0x00000000d6d80000)
  object space 852480K, 89% used [0x0000000084800000,0x00000000b3189d70,0x00000000b8880000)
 Metaspace       used 46509K, capacity 47032K, committed 47488K, reserved 1091584K
  class space    used 5838K, capacity 6007K, committed 6016K, reserved 1048576K

